{
  "RSpec": {
    "coverage": {
      "/Users/hugofelipe/Desktop/Study/rails-template/app/helpers/application_helper.rb": {
        "lines": [
          1,
          1,
          null,
          1,
          465,
          0,
          null,
          465,
          null,
          null,
          null
        ]
      },
      "/Users/hugofelipe/Desktop/Study/rails-template/app/helpers/pages_helper.rb": {
        "lines": [
          1,
          null
        ]
      },
      "/Users/hugofelipe/Desktop/Study/rails-template/app/helpers/users_helper.rb": {
        "lines": [
          1,
          null
        ]
      },
      "/Users/hugofelipe/Desktop/Study/rails-template/app/controllers/users_controller.rb": {
        "lines": [
          1,
          1,
          null,
          null,
          1,
          6,
          6,
          null,
          null,
          6,
          2,
          null,
          null,
          null,
          6,
          2,
          2,
          null,
          0,
          null,
          null,
          null,
          null,
          6,
          null,
          6,
          null,
          4,
          null,
          null,
          null,
          null,
          null,
          null,
          null,
          null,
          null,
          null,
          null,
          null,
          1,
          2,
          2,
          null,
          null,
          null,
          null,
          null,
          1,
          2,
          2,
          2,
          null,
          2,
          null,
          null,
          null,
          null,
          null,
          null,
          1,
          2,
          2,
          0,
          null,
          2,
          null,
          null,
          null,
          null,
          null,
          null,
          null,
          null,
          1,
          8,
          8,
          8,
          8,
          8,
          null,
          8,
          null,
          4,
          null,
          4,
          null,
          4,
          null,
          null,
          null,
          null,
          1,
          6,
          null,
          6,
          null,
          6,
          6,
          6,
          null,
          null,
          6,
          null,
          4,
          null,
          4,
          null,
          2,
          null,
          null,
          null,
          0,
          0,
          0,
          null,
          0,
          null,
          null,
          null,
          null,
          null,
          1,
          4,
          4,
          4,
          null,
          null,
          1,
          null,
          1,
          14,
          null,
          null,
          null,
          1,
          20,
          null,
          null,
          null,
          null,
          null,
          null,
          null,
          null,
          20,
          null,
          null,
          1,
          12,
          null,
          null,
          null,
          null,
          null,
          null,
          null,
          null,
          null,
          null,
          null,
          null,
          null,
          null,
          null,
          null,
          null,
          null,
          null,
          null,
          1,
          10,
          null,
          10,
          0,
          0,
          10,
          10,
          null,
          null,
          10,
          null,
          null,
          1,
          null,
          0,
          null,
          null,
          0,
          null,
          null
        ]
      },
      "/Users/hugofelipe/Desktop/Study/rails-template/app/controllers/application_controller.rb": {
        "lines": [
          1,
          1,
          null,
          1,
          1,
          null,
          1,
          null,
          1,
          null,
          null,
          1,
          null,
          null,
          1,
          null,
          40,
          null,
          null,
          null,
          null,
          null,
          null,
          null,
          null,
          null,
          null,
          null,
          null,
          null,
          1,
          null,
          1,
          454,
          null,
          null,
          1,
          0,
          0,
          null,
          null
        ]
      },
      "/Users/hugofelipe/Desktop/Study/rails-template/app/mailers/devise_mailer.rb": {
        "lines": [
          1,
          1,
          1,
          null,
          1,
          1,
          null,
          1,
          71,
          71,
          71,
          null,
          71,
          null,
          null,
          null,
          null,
          null,
          1,
          14,
          14,
          14,
          null,
          14,
          null,
          null,
          null,
          null,
          null,
          1,
          4,
          4,
          null,
          4,
          null,
          null,
          null,
          null,
          null,
          1,
          4,
          4,
          null,
          4,
          null,
          null,
          null,
          null,
          null,
          null,
          null,
          null,
          null,
          null,
          null,
          null,
          null,
          null,
          null,
          null
        ]
      },
      "/Users/hugofelipe/Desktop/Study/rails-template/app/models/role.rb": {
        "lines": [
          1,
          1,
          null,
          1,
          null,
          null,
          null,
          1,
          null,
          1,
          null,
          null,
          null,
          1,
          null
        ]
      },
      "/Users/hugofelipe/Desktop/Study/rails-template/app/models/application_record.rb": {
        "lines": [
          1,
          1,
          null,
          null,
          1,
          null
        ]
      },
      "/Users/hugofelipe/Desktop/Study/rails-template/app/models/user.rb": {
        "lines": [
          1,
          1,
          null,
          null,
          1,
          null,
          null,
          null,
          1,
          null,
          1,
          1,
          null,
          null,
          null,
          1,
          1,
          1,
          1,
          1,
          null,
          null,
          1,
          null,
          null,
          1,
          23,
          null,
          1,
          1,
          null,
          null,
          22,
          22,
          null,
          null,
          null,
          null,
          1,
          97,
          null,
          null,
          1,
          81,
          null,
          null,
          1,
          18,
          null,
          null,
          1,
          77,
          null,
          null,
          1,
          3,
          null,
          null,
          1,
          5,
          4,
          2,
          null,
          null,
          1,
          5,
          4,
          3,
          2,
          null,
          null,
          1,
          752,
          706,
          10,
          null,
          null,
          706,
          9,
          null,
          697,
          null,
          null,
          46,
          null,
          null,
          null,
          1,
          null,
          1,
          null,
          1047,
          null,
          null,
          1,
          null,
          54,
          null,
          null,
          null,
          54,
          null,
          null,
          44,
          1,
          null,
          null,
          null,
          1,
          null,
          241,
          null,
          null,
          null,
          210,
          null,
          null
        ]
      },
      "/Users/hugofelipe/Desktop/Study/rails-template/app/policies/user_policy.rb": {
        "lines": [
          1,
          1,
          1,
          6,
          0,
          6,
          6,
          null,
          0,
          null,
          null,
          null,
          null,
          1,
          6,
          null,
          null,
          1,
          2,
          null,
          0,
          null,
          null,
          1,
          10,
          null,
          null,
          1,
          8,
          8,
          0,
          0,
          null,
          null,
          1,
          4,
          4,
          0,
          null,
          null,
          null,
          1,
          0,
          null,
          null,
          1,
          0,
          null,
          null,
          1,
          0,
          null,
          null
        ]
      },
      "/Users/hugofelipe/Desktop/Study/rails-template/app/policies/application_policy.rb": {
        "lines": [
          1,
          1,
          null,
          1,
          30,
          30,
          null,
          null,
          1,
          0,
          null,
          null,
          1,
          0,
          null,
          null,
          1,
          0,
          null,
          null,
          1,
          2,
          null,
          null,
          1,
          0,
          null,
          null,
          1,
          2,
          null,
          null,
          1,
          0,
          null,
          null,
          1,
          1,
          6,
          6,
          null,
          null,
          1,
          0,
          null,
          null,
          1,
          null,
          1,
          null,
          null
        ]
      },
      "/Users/hugofelipe/Desktop/Study/rails-template/app/controllers/api/v1/auth/confirmations_controller.rb": {
        "lines": [
          1,
          1,
          null,
          null,
          1,
          7,
          null,
          7,
          4,
          null,
          null,
          null,
          3,
          1,
          2,
          0,
          null,
          2,
          null,
          null,
          null,
          null,
          null,
          1,
          18,
          18,
          null,
          18,
          4,
          14,
          1,
          null,
          13,
          13,
          null,
          null,
          null,
          1,
          null,
          1,
          null,
          4,
          null,
          null,
          null,
          null,
          null,
          null,
          null,
          null,
          null,
          null,
          null
        ]
      },
      "/Users/hugofelipe/Desktop/Study/rails-template/app/controllers/api/base_controller.rb": {
        "lines": [
          1,
          1,
          1,
          1,
          null,
          null,
          null,
          null,
          1,
          null,
          1,
          225,
          225,
          null,
          null,
          21,
          14,
          14,
          null,
          null,
          14,
          null,
          null,
          12,
          1,
          null,
          null,
          11,
          9,
          9,
          null,
          null,
          null,
          1,
          13,
          null,
          null,
          1,
          225,
          225,
          null,
          null,
          23,
          null,
          21,
          null,
          null,
          1,
          45,
          null,
          null,
          1,
          216,
          null,
          null,
          1,
          37,
          null,
          null,
          1,
          81,
          81,
          81,
          81,
          null,
          null
        ]
      },
      "/Users/hugofelipe/Desktop/Study/rails-template/app/controllers/api/v1/auth/sessions_controller.rb": {
        "lines": [
          1,
          1,
          null,
          null,
          1,
          32,
          null,
          32,
          26,
          24,
          24,
          null,
          null,
          null,
          null,
          2,
          null,
          null,
          6,
          null,
          null,
          null,
          null,
          1,
          null,
          null,
          3,
          null,
          null,
          null,
          1,
          5,
          null,
          null,
          null,
          null,
          1,
          null,
          1,
          null,
          24,
          null,
          null,
          null,
          24,
          null,
          null,
          1,
          null,
          29,
          null,
          null,
          null,
          null,
          null,
          null,
          null,
          null,
          null,
          null,
          null
        ]
      },
      "/Users/hugofelipe/Desktop/Study/rails-template/app/controllers/api/v1/auth/passwords_controller.rb": {
        "lines": [
          1,
          1,
          null,
          null,
          1,
          14,
          null,
          14,
          3,
          3,
          null,
          null,
          11,
          null,
          null,
          null,
          null,
          1,
          13,
          null,
          12,
          3,
          3,
          null,
          null,
          9,
          4,
          4,
          null,
          null,
          5,
          5,
          null,
          null,
          null,
          0,
          0,
          null,
          0,
          null,
          null,
          null,
          null,
          1,
          null,
          1,
          27,
          null,
          null,
          1,
          null,
          5,
          null,
          null,
          null,
          null,
          null,
          null,
          null,
          null,
          null,
          null,
          null
        ]
      },
      "/Users/hugofelipe/Desktop/Study/rails-template/app/controllers/api/v1/auth/registrations_controller.rb": {
        "lines": [
          1,
          1,
          null,
          null,
          1,
          24,
          23,
          null,
          23,
          null,
          10,
          10,
          null,
          null,
          10,
          null,
          null,
          null,
          13,
          null,
          null,
          null,
          null,
          1,
          4,
          3,
          null,
          null,
          null,
          1,
          null,
          null,
          null,
          1,
          null,
          1,
          24,
          null,
          null,
          1,
          4,
          null,
          null,
          1,
          null,
          13,
          null,
          null,
          null,
          null,
          null,
          null,
          null,
          null,
          null,
          null,
          null
        ]
      },
      "/Users/hugofelipe/Desktop/Study/rails-template/app/controllers/users/sessions_controller.rb": {
        "lines": [
          1,
          1,
          1,
          null,
          1,
          12,
          null,
          12,
          12,
          null,
          12,
          12,
          7,
          6,
          6,
          6,
          null,
          1,
          1,
          null,
          null,
          5,
          5,
          null,
          null,
          null,
          0,
          0,
          null,
          null,
          1,
          2,
          2,
          2,
          2,
          null,
          null,
          1,
          null,
          1,
          14,
          null,
          null,
          1,
          15,
          6,
          9,
          1,
          8,
          7,
          2,
          null,
          5,
          null,
          null,
          null,
          null
        ]
      },
      "/Users/hugofelipe/Desktop/Study/rails-template/app/controllers/users/registrations_controller.rb": {
        "lines": [
          1,
          1,
          null,
          1,
          1,
          null,
          1,
          28,
          28,
          16,
          16,
          0,
          null,
          16,
          null,
          16,
          null,
          12,
          12,
          null,
          null,
          null,
          null,
          1,
          null,
          4,
          0,
          0,
          0,
          null,
          0,
          null,
          null,
          null,
          4,
          2,
          2,
          2,
          null,
          2,
          2,
          2,
          null,
          null,
          null,
          null,
          1,
          null,
          1,
          28,
          null,
          null,
          1,
          4,
          null,
          null,
          1,
          2,
          null,
          null,
          1,
          0,
          null,
          null,
          null,
          null,
          null,
          null,
          null,
          null
        ]
      },
      "/Users/hugofelipe/Desktop/Study/rails-template/app/controllers/users/confirmations_controller.rb": {
        "lines": [
          1,
          1,
          null,
          1,
          2,
          1,
          null,
          1,
          null,
          null,
          null,
          1,
          6,
          null,
          6,
          3,
          3,
          null,
          3,
          1,
          2,
          0,
          null,
          2,
          null,
          3,
          null,
          null,
          null,
          1,
          7,
          7,
          3,
          3,
          4,
          1,
          1,
          null,
          3,
          3,
          3,
          null,
          null,
          null,
          1,
          null,
          1,
          0,
          null,
          null,
          1,
          0,
          null,
          null,
          1,
          null,
          1,
          6,
          3,
          3,
          3,
          null,
          1,
          null,
          0,
          null,
          2,
          null,
          null,
          null,
          null
        ]
      },
      "/Users/hugofelipe/Desktop/Study/rails-template/app/controllers/users/passwords_controller.rb": {
        "lines": [
          1,
          1,
          1,
          null,
          1,
          1,
          0,
          null,
          1,
          null,
          null,
          null,
          1,
          7,
          7,
          3,
          3,
          null,
          4,
          null,
          null,
          null,
          1,
          3,
          null,
          3,
          0,
          0,
          0,
          null,
          null,
          null,
          3,
          3,
          1,
          1,
          null,
          2,
          null,
          null,
          null,
          null,
          null,
          1,
          8,
          8,
          8,
          null,
          8,
          null,
          8,
          1,
          1,
          1,
          null,
          null,
          null,
          7,
          1,
          null,
          null,
          null,
          1,
          null,
          null,
          6,
          1,
          null,
          null,
          null,
          1,
          null,
          null,
          5,
          1,
          null,
          null,
          null,
          1,
          null,
          null,
          null,
          4,
          4,
          4,
          4,
          null,
          4,
          4,
          4,
          null,
          0,
          null,
          null,
          null,
          null,
          null,
          null,
          1,
          null,
          1,
          4,
          null,
          null,
          1,
          0,
          null,
          null,
          null,
          1,
          28,
          null,
          null
        ]
      },
      "/Users/hugofelipe/Desktop/Study/rails-template/app/controllers/auth_controller.rb": {
        "lines": [
          1,
          1,
          1,
          null,
          1,
          1,
          null,
          null,
          1,
          1,
          null,
          null,
          1,
          0,
          null,
          null,
          1,
          0,
          0,
          null,
          0,
          0,
          0,
          null,
          null,
          0,
          0,
          0,
          0,
          null,
          null,
          0,
          null,
          null,
          null,
          null,
          null,
          1,
          0,
          null,
          null,
          1,
          null,
          1,
          4,
          2,
          null,
          null,
          null
        ]
      },
      "/Users/hugofelipe/Desktop/Study/rails-template/app/controllers/pages_controller.rb": {
        "lines": [
          0,
          0,
          null,
          0,
          0,
          0,
          0,
          0,
          0,
          0,
          null,
          0,
          0,
          0,
          0
        ],
        "branches": {}
      },
      "/Users/hugofelipe/Desktop/Study/rails-template/app/jobs/application_job.rb": {
        "lines": [
          0,
          null,
          null,
          null,
          null,
          null,
          0
        ],
        "branches": {}
      },
      "/Users/hugofelipe/Desktop/Study/rails-template/app/mailers/application_mailer.rb": {
        "lines": [
          0,
          0,
          0,
          0
        ],
        "branches": {}
      },
      "/Users/hugofelipe/Desktop/Study/rails-template/app/models/concerns/date_range_validator.rb": {
        "lines": [
          0,
          0,
          0,
          null,
          0,
          0,
          null,
          0,
          0,
          0,
          null,
          0,
          0,
          0,
          0,
          0,
          0,
          0,
          0,
          0,
          0,
          0
        ],
        "branches": {}
      },
      "/Users/hugofelipe/Desktop/Study/rails-template/app/services/color_variant_service.rb": {
        "lines": [
          null,
          0,
          null,
          0,
          0,
          0,
          null,
          0,
          null,
          0,
          null,
          0,
          null,
          0,
          0,
          0,
          0,
          0,
          0,
          0,
          0
        ],
        "branches": {}
      },
      "/Users/hugofelipe/Desktop/Study/rails-template/app/services/css_modifier_service.rb": {
        "lines": [
          null,
          0,
          0,
          null,
          0,
          0,
          0,
          null,
          null,
          0,
          null,
          0,
          null,
          0,
          0,
          0,
          0,
          null,
          0,
          0,
          0,
          null,
          0,
          0,
          0
        ],
        "branches": {}
      },
      "/Users/hugofelipe/Desktop/Study/rails-template/lib/generators/inertia/scaffold/scaffold_generator.rb": {
        "lines": [
          null,
          null,
          0,
          null,
          0,
          0,
          0,
          0,
          0,
          null,
          0,
          null,
          0,
          0,
          0,
          0,
          0,
          0,
          0
        ],
        "branches": {}
      },
      "/Users/hugofelipe/Desktop/Study/rails-template/lib/generators/inertia/scaffold_controller/scaffold_controller_generator.rb": {
        "lines": [
          null,
          null,
          0,
          0,
          null,
          0,
          0,
          null,
          null,
          0,
          0,
          0,
          null,
          0,
          null,
          0,
          null,
          0,
          0,
          0,
          null,
          0,
          null,
          0,
          0,
          null,
          null,
          null,
          null,
          null,
          0,
          null,
          0,
          null,
          0,
          0,
          null,
          null,
          null,
          null,
          null,
          null,
          0,
          0,
          null,
          null,
          0,
          0,
          null,
          null,
          0,
          0,
          null,
          null,
          0,
          0,
          null,
          null,
          0,
          0,
          null,
          null,
          null,
          null,
          null,
          null,
          0,
          0,
          null,
          null,
          0,
          0,
          0,
          null,
          0,
          0,
          null,
          0,
          null,
          null,
          null,
          null,
          null,
          0,
          null,
          null,
          null,
          null,
          null,
          null,
          0,
          0,
          null,
          0,
          null,
          null,
          0,
          0,
          0,
          null,
          0,
          null,
          null,
          0,
          0,
          0,
          0,
          0,
          0,
          0,
          0,
          0,
          null,
          0,
          0,
          0,
          0,
          0,
          0,
          null,
          0,
          0,
          0,
          0,
          0,
          0,
          0
        ],
        "branches": {}
      },
      "/Users/hugofelipe/Desktop/Study/rails-template/lib/generators/inertia_tw_templates/scaffold/scaffold_generator.rb": {
        "lines": [
          null,
          null,
          0,
          null,
          0,
          0,
          0,
          0,
          0,
          0,
          0,
          0
        ],
        "branches": {}
      },
      "/Users/hugofelipe/Desktop/Study/rails-template/lib/templates/active_record/model/model.rb": {
        "lines": [
          0,
          0,
          0,
          0,
          0,
          0,
          0,
          0,
          0,
          0,
          0,
          0,
          0,
          0,
          0,
          0,
          0,
          0,
          0,
          0,
          0,
          0,
          0,
          0,
          0,
          0,
          0,
          0,
          0,
          0,
          0,
          0,
          0,
          0,
          0,
          0,
          0,
          0,
          null,
          0,
          0,
          0,
          0,
          0,
          null,
          0,
          0,
          0,
          0,
          0,
          0,
          0,
          0,
          0,
          0,
          0
        ],
        "branches": {}
      }
    },
    "timestamp": 1750941083
  }
}
